{"uid":"62761dfa5592f421","name":"openCatalog()","fullName":"com.lenta.Catalog.openCatalog","historyId":"9f5511c7f9de03195eafa3a1336a02d8","time":{"start":1733942672194,"stop":1733942685718,"duration":13524},"description":"","status":"failed","statusMessage":"Invalid element state [[automation-id=mainCat]]: element click intercepted: Element <a _ngcontent-ng-c3313756939=\"\" class=\"category ng-star-inserted\" automation-id=\"mainCat\" href=\"https://lenta.com/catalog/novogodnijj-dekor-i-podarki-19899/\">...</a> is not clickable at point (640, 218). Other element would receive the click: <div _ngcontent-ng-c3368085149=\"\" class=\"buttons\">...</div>\nScreenshot: file:/home/runner/work/qaguru-java/qaguru-java/build/reports/tests/1733942685114.1.png\nPage source: file:/home/runner/work/qaguru-java/qaguru-java/build/reports/tests/1733942685114.1.html\nTimeout: 4 s.\nCaused by: ElementClickInterceptedException: element click intercepted: Element <a _ngcontent-ng-c3313756939=\"\" class=\"category ng-star-inserted\" automation-id=\"mainCat\" href=\"https://lenta.com/catalog/novogodnijj-dekor-i-podarki-19899/\">...</a> is not clickable at point (640, 218). Other element would receive the click: <div _ngcontent-ng-c3368085149=\"\" class=\"buttons\">...</div>","statusTrace":"Invalid element state [[automation-id=mainCat]]: element click intercepted: Element <a _ngcontent-ng-c3313756939=\"\" class=\"category ng-star-inserted\" automation-id=\"mainCat\" href=\"https://lenta.com/catalog/novogodnijj-dekor-i-podarki-19899/\">...</a> is not clickable at point (640, 218). Other element would receive the click: <div _ngcontent-ng-c3368085149=\"\" class=\"buttons\">...</div>\nScreenshot: file:/home/runner/work/qaguru-java/qaguru-java/build/reports/tests/1733942685114.1.png\nPage source: file:/home/runner/work/qaguru-java/qaguru-java/build/reports/tests/1733942685114.1.html\nTimeout: 4 s.\nCaused by: ElementClickInterceptedException: element click intercepted: Element <a _ngcontent-ng-c3313756939=\"\" class=\"category ng-star-inserted\" automation-id=\"mainCat\" href=\"https://lenta.com/catalog/novogodnijj-dekor-i-podarki-19899/\">...</a> is not clickable at point (640, 218). Other element would receive the click: <div _ngcontent-ng-c3368085149=\"\" class=\"buttons\">...</div>\n\tat com.codeborne.selenide.impl.ExceptionWrapper.wrap(ExceptionWrapper.java:26)\n\tat com.codeborne.selenide.impl.SelenideElementProxy.dispatchAndRetry(SelenideElementProxy.java:156)\n\tat com.codeborne.selenide.impl.SelenideElementProxy.invoke(SelenideElementProxy.java:86)\n\tat jdk.proxy3/jdk.proxy3.$Proxy36.click(Unknown Source)\n\tat com.lenta.pages.CatalogPanel.clickMainCat(CatalogPanel.java:11)\n\tat com.lenta.Catalog.openCatalog(Catalog.java:19)\n\tat java.base/java.lang.reflect.Method.invoke(Method.java:569)\n\tat java.base/java.util.ArrayList.forEach(ArrayList.java:1511)\n\tat java.base/java.util.ArrayList.forEach(ArrayList.java:1511)\nCaused by: org.openqa.selenium.ElementClickInterceptedException: element click intercepted: Element <a _ngcontent-ng-c3313756939=\"\" class=\"category ng-star-inserted\" automation-id=\"mainCat\" href=\"https://lenta.com/catalog/novogodnijj-dekor-i-podarki-19899/\">...</a> is not clickable at point (640, 218). Other element would receive the click: <div _ngcontent-ng-c3368085149=\"\" class=\"buttons\">...</div>\n  (Session info: chrome=128.0.6613.137)\nBuild info: version: '4.25.0', revision: '8a8aea2337'\nSystem info: os.name: 'Linux', os.arch: 'amd64', os.version: '6.5.0-1025-azure', java.version: '17.0.13'\nDriver info: org.openqa.selenium.remote.RemoteWebDriver\nCommand: [1b3ba5a22c343767252c69b7d274e5ab, clickElement {id=f.23EF5D141EBBB3BEB0AD338E2D6E0E26.d.8A4F13BEF98DEECC80E26D006A752998.e.44}]\nCapabilities {acceptInsecureCerts: true, browserName: chrome, browserVersion: 128.0.6613.137, chrome: {chromedriverVersion: 128.0.6613.18 (7d504c2c60ba..., userDataDir: /tmp/.org.chromium.Chromium...}, fedcm:accounts: true, goog:chromeOptions: {debuggerAddress: localhost:33589}, networkConnectionEnabled: false, pageLoadStrategy: eager, platformName: linux, proxy: Proxy(), se:cdp: ws://localhost:4444/devtool..., se:cdpVersion: 128.0.6613.137, setWindowRect: true, strictFileInteractability: false, timeouts: {implicit: 0, pageLoad: 300000, script: 30000}, unhandledPromptBehavior: accept, webauthn:extension:credBlob: true, webauthn:extension:largeBlob: true, webauthn:extension:minPinLength: true, webauthn:extension:prf: true, webauthn:virtualAuthenticators: true}\nElement: [[RemoteWebDriver: chrome on linux (1b3ba5a22c343767252c69b7d274e5ab)] -> css selector: [automation-id=mainCat]]\nSession ID: 1b3ba5a22c343767252c69b7d274e5ab\n\tat java.base/jdk.internal.reflect.NativeConstructorAccessorImpl.newInstance0(Native Method)\n\tat java.base/jdk.internal.reflect.NativeConstructorAccessorImpl.newInstance(NativeConstructorAccessorImpl.java:77)\n\tat java.base/jdk.internal.reflect.DelegatingConstructorAccessorImpl.newInstance(DelegatingConstructorAccessorImpl.java:45)\n\tat java.base/java.lang.reflect.Constructor.newInstanceWithCaller(Constructor.java:500)\n\tat java.base/java.lang.reflect.Constructor.newInstance(Constructor.java:481)\n\tat org.openqa.selenium.remote.ErrorCodec.decode(ErrorCodec.java:167)\n\tat org.openqa.selenium.remote.codec.w3c.W3CHttpResponseCodec.decode(W3CHttpResponseCodec.java:138)\n\tat org.openqa.selenium.remote.codec.w3c.W3CHttpResponseCodec.decode(W3CHttpResponseCodec.java:50)\n\tat org.openqa.selenium.remote.HttpCommandExecutor.execute(HttpCommandExecutor.java:190)\n\tat org.openqa.selenium.remote.RemoteWebDriver.execute(RemoteWebDriver.java:545)\n\tat org.openqa.selenium.remote.RemoteWebElement.execute(RemoteWebElement.java:223)\n\tat org.openqa.selenium.remote.RemoteWebElement.click(RemoteWebElement.java:76)\n\tat com.codeborne.selenide.commands.Click.defaultClick(Click.java:106)\n\tat com.codeborne.selenide.commands.Click.doClick(Click.java:83)\n\tat com.codeborne.selenide.commands.Click.click(Click.java:59)\n\tat com.codeborne.selenide.commands.Click.execute(Click.java:34)\n\tat com.codeborne.selenide.commands.Click.execute(Click.java:26)\n\tat com.codeborne.selenide.commands.Commands.execute(Commands.java:162)\n\tat com.codeborne.selenide.impl.SelenideElementProxy.dispatchAndRetry(SelenideElementProxy.java:134)\n\t... 7 more\n","flaky":false,"newFailed":false,"newBroken":false,"newPassed":false,"retriesCount":0,"retriesStatusChange":false,"beforeStages":[{"name":"beforeAll","time":{"start":1733942672191,"stop":1733942672191,"duration":0},"status":"passed","steps":[],"attachments":[],"parameters":[],"shouldDisplayMessage":false,"stepsCount":0,"attachmentsCount":0,"hasContent":false,"attachmentStep":false}],"testStage":{"description":"","status":"failed","statusMessage":"Invalid element state [[automation-id=mainCat]]: element click intercepted: Element <a _ngcontent-ng-c3313756939=\"\" class=\"category ng-star-inserted\" automation-id=\"mainCat\" href=\"https://lenta.com/catalog/novogodnijj-dekor-i-podarki-19899/\">...</a> is not clickable at point (640, 218). Other element would receive the click: <div _ngcontent-ng-c3368085149=\"\" class=\"buttons\">...</div>\nScreenshot: file:/home/runner/work/qaguru-java/qaguru-java/build/reports/tests/1733942685114.1.png\nPage source: file:/home/runner/work/qaguru-java/qaguru-java/build/reports/tests/1733942685114.1.html\nTimeout: 4 s.\nCaused by: ElementClickInterceptedException: element click intercepted: Element <a _ngcontent-ng-c3313756939=\"\" class=\"category ng-star-inserted\" automation-id=\"mainCat\" href=\"https://lenta.com/catalog/novogodnijj-dekor-i-podarki-19899/\">...</a> is not clickable at point (640, 218). Other element would receive the click: <div _ngcontent-ng-c3368085149=\"\" class=\"buttons\">...</div>","statusTrace":"Invalid element state [[automation-id=mainCat]]: element click intercepted: Element <a _ngcontent-ng-c3313756939=\"\" class=\"category ng-star-inserted\" automation-id=\"mainCat\" href=\"https://lenta.com/catalog/novogodnijj-dekor-i-podarki-19899/\">...</a> is not clickable at point (640, 218). Other element would receive the click: <div _ngcontent-ng-c3368085149=\"\" class=\"buttons\">...</div>\nScreenshot: file:/home/runner/work/qaguru-java/qaguru-java/build/reports/tests/1733942685114.1.png\nPage source: file:/home/runner/work/qaguru-java/qaguru-java/build/reports/tests/1733942685114.1.html\nTimeout: 4 s.\nCaused by: ElementClickInterceptedException: element click intercepted: Element <a _ngcontent-ng-c3313756939=\"\" class=\"category ng-star-inserted\" automation-id=\"mainCat\" href=\"https://lenta.com/catalog/novogodnijj-dekor-i-podarki-19899/\">...</a> is not clickable at point (640, 218). Other element would receive the click: <div _ngcontent-ng-c3368085149=\"\" class=\"buttons\">...</div>\n\tat com.codeborne.selenide.impl.ExceptionWrapper.wrap(ExceptionWrapper.java:26)\n\tat com.codeborne.selenide.impl.SelenideElementProxy.dispatchAndRetry(SelenideElementProxy.java:156)\n\tat com.codeborne.selenide.impl.SelenideElementProxy.invoke(SelenideElementProxy.java:86)\n\tat jdk.proxy3/jdk.proxy3.$Proxy36.click(Unknown Source)\n\tat com.lenta.pages.CatalogPanel.clickMainCat(CatalogPanel.java:11)\n\tat com.lenta.Catalog.openCatalog(Catalog.java:19)\n\tat java.base/java.lang.reflect.Method.invoke(Method.java:569)\n\tat java.base/java.util.ArrayList.forEach(ArrayList.java:1511)\n\tat java.base/java.util.ArrayList.forEach(ArrayList.java:1511)\nCaused by: org.openqa.selenium.ElementClickInterceptedException: element click intercepted: Element <a _ngcontent-ng-c3313756939=\"\" class=\"category ng-star-inserted\" automation-id=\"mainCat\" href=\"https://lenta.com/catalog/novogodnijj-dekor-i-podarki-19899/\">...</a> is not clickable at point (640, 218). Other element would receive the click: <div _ngcontent-ng-c3368085149=\"\" class=\"buttons\">...</div>\n  (Session info: chrome=128.0.6613.137)\nBuild info: version: '4.25.0', revision: '8a8aea2337'\nSystem info: os.name: 'Linux', os.arch: 'amd64', os.version: '6.5.0-1025-azure', java.version: '17.0.13'\nDriver info: org.openqa.selenium.remote.RemoteWebDriver\nCommand: [1b3ba5a22c343767252c69b7d274e5ab, clickElement {id=f.23EF5D141EBBB3BEB0AD338E2D6E0E26.d.8A4F13BEF98DEECC80E26D006A752998.e.44}]\nCapabilities {acceptInsecureCerts: true, browserName: chrome, browserVersion: 128.0.6613.137, chrome: {chromedriverVersion: 128.0.6613.18 (7d504c2c60ba..., userDataDir: /tmp/.org.chromium.Chromium...}, fedcm:accounts: true, goog:chromeOptions: {debuggerAddress: localhost:33589}, networkConnectionEnabled: false, pageLoadStrategy: eager, platformName: linux, proxy: Proxy(), se:cdp: ws://localhost:4444/devtool..., se:cdpVersion: 128.0.6613.137, setWindowRect: true, strictFileInteractability: false, timeouts: {implicit: 0, pageLoad: 300000, script: 30000}, unhandledPromptBehavior: accept, webauthn:extension:credBlob: true, webauthn:extension:largeBlob: true, webauthn:extension:minPinLength: true, webauthn:extension:prf: true, webauthn:virtualAuthenticators: true}\nElement: [[RemoteWebDriver: chrome on linux (1b3ba5a22c343767252c69b7d274e5ab)] -> css selector: [automation-id=mainCat]]\nSession ID: 1b3ba5a22c343767252c69b7d274e5ab\n\tat java.base/jdk.internal.reflect.NativeConstructorAccessorImpl.newInstance0(Native Method)\n\tat java.base/jdk.internal.reflect.NativeConstructorAccessorImpl.newInstance(NativeConstructorAccessorImpl.java:77)\n\tat java.base/jdk.internal.reflect.DelegatingConstructorAccessorImpl.newInstance(DelegatingConstructorAccessorImpl.java:45)\n\tat java.base/java.lang.reflect.Constructor.newInstanceWithCaller(Constructor.java:500)\n\tat java.base/java.lang.reflect.Constructor.newInstance(Constructor.java:481)\n\tat org.openqa.selenium.remote.ErrorCodec.decode(ErrorCodec.java:167)\n\tat org.openqa.selenium.remote.codec.w3c.W3CHttpResponseCodec.decode(W3CHttpResponseCodec.java:138)\n\tat org.openqa.selenium.remote.codec.w3c.W3CHttpResponseCodec.decode(W3CHttpResponseCodec.java:50)\n\tat org.openqa.selenium.remote.HttpCommandExecutor.execute(HttpCommandExecutor.java:190)\n\tat org.openqa.selenium.remote.RemoteWebDriver.execute(RemoteWebDriver.java:545)\n\tat org.openqa.selenium.remote.RemoteWebElement.execute(RemoteWebElement.java:223)\n\tat org.openqa.selenium.remote.RemoteWebElement.click(RemoteWebElement.java:76)\n\tat com.codeborne.selenide.commands.Click.defaultClick(Click.java:106)\n\tat com.codeborne.selenide.commands.Click.doClick(Click.java:83)\n\tat com.codeborne.selenide.commands.Click.click(Click.java:59)\n\tat com.codeborne.selenide.commands.Click.execute(Click.java:34)\n\tat com.codeborne.selenide.commands.Click.execute(Click.java:26)\n\tat com.codeborne.selenide.commands.Commands.execute(Commands.java:162)\n\tat com.codeborne.selenide.impl.SelenideElementProxy.dispatchAndRetry(SelenideElementProxy.java:134)\n\t... 7 more\n","steps":[{"name":"$(\"open\") https://lenta.com//","time":{"start":1733942672194,"stop":1733942675554,"duration":3360},"status":"passed","steps":[{"name":"$(\"webdriver\") create()","time":{"start":1733942672194,"stop":1733942673191,"duration":997},"status":"passed","steps":[],"attachments":[],"parameters":[],"shouldDisplayMessage":false,"stepsCount":0,"attachmentsCount":0,"hasContent":false,"attachmentStep":false}],"attachments":[],"parameters":[],"shouldDisplayMessage":false,"stepsCount":1,"attachmentsCount":0,"hasContent":true,"attachmentStep":false},{"name":"$(\".header__top .catalog-button\") click()","time":{"start":1733942680555,"stop":1733942680653,"duration":98},"status":"passed","steps":[],"attachments":[],"parameters":[],"shouldDisplayMessage":false,"stepsCount":0,"attachmentsCount":0,"hasContent":false,"attachmentStep":false},{"name":"$(\"[automation-id=mainCat]\") click()","time":{"start":1733942680653,"stop":1733942685662,"duration":5009},"status":"failed","statusMessage":"Invalid element state [[automation-id=mainCat]]: element click intercepted: Element <a _ngcontent-ng-c3313756939=\"\" class=\"category ng-star-inserted\" automation-id=\"mainCat\" href=\"https://lenta.com/catalog/novogodnijj-dekor-i-podarki-19899/\">...</a> is not clickable at point (640, 218). Other element would receive the click: <div _ngcontent-ng-c3368085149=\"\" class=\"buttons\">...</div>\nScreenshot: file:/home/runner/work/qaguru-java/qaguru-java/build/reports/tests/1733942685114.1.png\nPage source: file:/home/runner/work/qaguru-java/qaguru-java/build/reports/tests/1733942685114.1.html\nTimeout: 4 s.\nCaused by: ElementClickInterceptedException: element click intercepted: Element <a _ngcontent-ng-c3313756939=\"\" class=\"category ng-star-inserted\" automation-id=\"mainCat\" href=\"https://lenta.com/catalog/novogodnijj-dekor-i-podarki-19899/\">...</a> is not clickable at point (640, 218). Other element would receive the click: <div _ngcontent-ng-c3368085149=\"\" class=\"buttons\">...</div>","statusTrace":"Invalid element state [[automation-id=mainCat]]: element click intercepted: Element <a _ngcontent-ng-c3313756939=\"\" class=\"category ng-star-inserted\" automation-id=\"mainCat\" href=\"https://lenta.com/catalog/novogodnijj-dekor-i-podarki-19899/\">...</a> is not clickable at point (640, 218). Other element would receive the click: <div _ngcontent-ng-c3368085149=\"\" class=\"buttons\">...</div>\nScreenshot: file:/home/runner/work/qaguru-java/qaguru-java/build/reports/tests/1733942685114.1.png\nPage source: file:/home/runner/work/qaguru-java/qaguru-java/build/reports/tests/1733942685114.1.html\nTimeout: 4 s.\nCaused by: ElementClickInterceptedException: element click intercepted: Element <a _ngcontent-ng-c3313756939=\"\" class=\"category ng-star-inserted\" automation-id=\"mainCat\" href=\"https://lenta.com/catalog/novogodnijj-dekor-i-podarki-19899/\">...</a> is not clickable at point (640, 218). Other element would receive the click: <div _ngcontent-ng-c3368085149=\"\" class=\"buttons\">...</div>\n\tat com.codeborne.selenide.impl.ExceptionWrapper.wrap(ExceptionWrapper.java:26)\n\tat com.codeborne.selenide.impl.SelenideElementProxy.dispatchAndRetry(SelenideElementProxy.java:156)\n\tat com.codeborne.selenide.impl.SelenideElementProxy.invoke(SelenideElementProxy.java:86)\n\tat jdk.proxy3/jdk.proxy3.$Proxy36.click(Unknown Source)\n\tat com.lenta.pages.CatalogPanel.clickMainCat(CatalogPanel.java:11)\n\tat com.lenta.Catalog.openCatalog(Catalog.java:19)\n\tat java.base/jdk.internal.reflect.NativeMethodAccessorImpl.invoke0(Native Method)\n\tat java.base/jdk.internal.reflect.NativeMethodAccessorImpl.invoke(NativeMethodAccessorImpl.java:77)\n\tat java.base/jdk.internal.reflect.DelegatingMethodAccessorImpl.invoke(DelegatingMethodAccessorImpl.java:43)\n\tat java.base/java.lang.reflect.Method.invoke(Method.java:569)\n\tat org.junit.platform.commons.util.ReflectionUtils.invokeMethod(ReflectionUtils.java:766)\n\tat org.junit.jupiter.engine.execution.MethodInvocation.proceed(MethodInvocation.java:60)\n\tat org.junit.jupiter.engine.execution.InvocationInterceptorChain$ValidatingInvocation.proceed(InvocationInterceptorChain.java:131)\n\tat org.junit.jupiter.api.extension.InvocationInterceptor.interceptTestMethod(InvocationInterceptor.java:118)\n\tat org.junit.jupiter.engine.execution.InterceptingExecutableInvoker$ReflectiveInterceptorCall.lambda$ofVoidMethod$0(InterceptingExecutableInvoker.java:103)\n\tat org.junit.jupiter.engine.execution.InterceptingExecutableInvoker.lambda$invoke$0(InterceptingExecutableInvoker.java:93)\n\tat org.junit.jupiter.engine.execution.InvocationInterceptorChain$InterceptedInvocation.proceed(InvocationInterceptorChain.java:106)\n\tat org.junit.jupiter.engine.extension.TimeoutExtension.intercept(TimeoutExtension.java:156)\n\tat org.junit.jupiter.engine.extension.TimeoutExtension.interceptTestableMethod(TimeoutExtension.java:147)\n\tat org.junit.jupiter.engine.extension.TimeoutExtension.interceptTestMethod(TimeoutExtension.java:86)\n\tat org.junit.jupiter.engine.execution.InterceptingExecutableInvoker$ReflectiveInterceptorCall.lambda$ofVoidMethod$0(InterceptingExecutableInvoker.java:103)\n\tat org.junit.jupiter.engine.execution.InterceptingExecutableInvoker.lambda$invoke$0(InterceptingExecutableInvoker.java:93)\n\tat org.junit.jupiter.engine.execution.InvocationInterceptorChain$InterceptedInvocation.proceed(InvocationInterceptorChain.java:106)\n\tat org.junit.jupiter.engine.execution.InvocationInterceptorChain.proceed(InvocationInterceptorChain.java:64)\n\tat org.junit.jupiter.engine.execution.InvocationInterceptorChain.chainAndInvoke(InvocationInterceptorChain.java:45)\n\tat org.junit.jupiter.engine.execution.InvocationInterceptorChain.invoke(InvocationInterceptorChain.java:37)\n\tat org.junit.jupiter.engine.execution.InterceptingExecutableInvoker.invoke(InterceptingExecutableInvoker.java:92)\n\tat org.junit.jupiter.engine.execution.InterceptingExecutableInvoker.invoke(InterceptingExecutableInvoker.java:86)\n\tat org.junit.jupiter.engine.descriptor.TestMethodTestDescriptor.lambda$invokeTestMethod$8(TestMethodTestDescriptor.java:217)\n\tat org.junit.platform.engine.support.hierarchical.ThrowableCollector.execute(ThrowableCollector.java:73)\n\tat org.junit.jupiter.engine.descriptor.TestMethodTestDescriptor.invokeTestMethod(TestMethodTestDescriptor.java:213)\n\tat org.junit.jupiter.engine.descriptor.TestMethodTestDescriptor.execute(TestMethodTestDescriptor.java:138)\n\tat org.junit.jupiter.engine.descriptor.TestMethodTestDescriptor.execute(TestMethodTestDescriptor.java:68)\n\tat org.junit.platform.engine.support.hierarchical.NodeTestTask.lambda$executeRecursively$6(NodeTestTask.java:156)\n\tat org.junit.platform.engine.support.hierarchical.ThrowableCollector.execute(ThrowableCollector.java:73)\n\tat org.junit.platform.engine.support.hierarchical.NodeTestTask.lambda$executeRecursively$8(NodeTestTask.java:146)\n\tat org.junit.platform.engine.support.hierarchical.Node.around(Node.java:137)\n\tat org.junit.platform.engine.support.hierarchical.NodeTestTask.lambda$executeRecursively$9(NodeTestTask.java:144)\n\tat org.junit.platform.engine.support.hierarchical.ThrowableCollector.execute(ThrowableCollector.java:73)\n\tat org.junit.platform.engine.support.hierarchical.NodeTestTask.executeRecursively(NodeTestTask.java:143)\n\tat org.junit.platform.engine.support.hierarchical.NodeTestTask.execute(NodeTestTask.java:100)\n\tat java.base/java.util.ArrayList.forEach(ArrayList.java:1511)\n\tat org.junit.platform.engine.support.hierarchical.SameThreadHierarchicalTestExecutorService.invokeAll(SameThreadHierarchicalTestExecutorService.java:41)\n\tat org.junit.platform.engine.support.hierarchical.NodeTestTask.lambda$executeRecursively$6(NodeTestTask.java:160)\n\tat org.junit.platform.engine.support.hierarchical.ThrowableCollector.execute(ThrowableCollector.java:73)\n\tat org.junit.platform.engine.support.hierarchical.NodeTestTask.lambda$executeRecursively$8(NodeTestTask.java:146)\n\tat org.junit.platform.engine.support.hierarchical.Node.around(Node.java:137)\n\tat org.junit.platform.engine.support.hierarchical.NodeTestTask.lambda$executeRecursively$9(NodeTestTask.java:144)\n\tat org.junit.platform.engine.support.hierarchical.ThrowableCollector.execute(ThrowableCollector.java:73)\n\tat org.junit.platform.engine.support.hierarchical.NodeTestTask.executeRecursively(NodeTestTask.java:143)\n\tat org.junit.platform.engine.support.hierarchical.NodeTestTask.execute(NodeTestTask.java:100)\n\tat java.base/java.util.ArrayList.forEach(ArrayList.java:1511)\n\tat org.junit.platform.engine.support.hierarchical.SameThreadHierarchicalTestExecutorService.invokeAll(SameThreadHierarchicalTestExecutorService.java:41)\n\tat org.junit.platform.engine.support.hierarchical.NodeTestTask.lambda$executeRecursively$6(NodeTestTask.java:160)\n\tat org.junit.platform.engine.support.hierarchical.ThrowableCollector.execute(ThrowableCollector.java:73)\n\tat org.junit.platform.engine.support.hierarchical.NodeTestTask.lambda$executeRecursively$8(NodeTestTask.java:146)\n\tat org.junit.platform.engine.support.hierarchical.Node.around(Node.java:137)\n\tat org.junit.platform.engine.support.hierarchical.NodeTestTask.lambda$executeRecursively$9(NodeTestTask.java:144)\n\tat org.junit.platform.engine.support.hierarchical.ThrowableCollector.execute(ThrowableCollector.java:73)\n\tat org.junit.platform.engine.support.hierarchical.NodeTestTask.executeRecursively(NodeTestTask.java:143)\n\tat org.junit.platform.engine.support.hierarchical.NodeTestTask.execute(NodeTestTask.java:100)\n\tat org.junit.platform.engine.support.hierarchical.SameThreadHierarchicalTestExecutorService.submit(SameThreadHierarchicalTestExecutorService.java:35)\n\tat org.junit.platform.engine.support.hierarchical.HierarchicalTestExecutor.execute(HierarchicalTestExecutor.java:57)\n\tat org.junit.platform.engine.support.hierarchical.HierarchicalTestEngine.execute(HierarchicalTestEngine.java:54)\n\tat org.junit.platform.launcher.core.EngineExecutionOrchestrator.execute(EngineExecutionOrchestrator.java:198)\n\tat org.junit.platform.launcher.core.EngineExecutionOrchestrator.execute(EngineExecutionOrchestrator.java:169)\n\tat org.junit.platform.launcher.core.EngineExecutionOrchestrator.execute(EngineExecutionOrchestrator.java:93)\n\tat org.junit.platform.launcher.core.EngineExecutionOrchestrator.lambda$execute$0(EngineExecutionOrchestrator.java:58)\n\tat org.junit.platform.launcher.core.EngineExecutionOrchestrator.withInterceptedStreams(EngineExecutionOrchestrator.java:141)\n\tat org.junit.platform.launcher.core.EngineExecutionOrchestrator.execute(EngineExecutionOrchestrator.java:57)\n\tat org.junit.platform.launcher.core.DefaultLauncher.execute(DefaultLauncher.java:103)\n\tat org.junit.platform.launcher.core.DefaultLauncher.execute(DefaultLauncher.java:85)\n\tat org.junit.platform.launcher.core.DelegatingLauncher.execute(DelegatingLauncher.java:47)\n\tat org.gradle.api.internal.tasks.testing.junitplatform.JUnitPlatformTestClassProcessor$CollectAllTestClassesExecutor.processAllTestClasses(JUnitPlatformTestClassProcessor.java:124)\n\tat org.gradle.api.internal.tasks.testing.junitplatform.JUnitPlatformTestClassProcessor$CollectAllTestClassesExecutor.access$000(JUnitPlatformTestClassProcessor.java:99)\n\tat org.gradle.api.internal.tasks.testing.junitplatform.JUnitPlatformTestClassProcessor.stop(JUnitPlatformTestClassProcessor.java:94)\n\tat org.gradle.api.internal.tasks.testing.SuiteTestClassProcessor.stop(SuiteTestClassProcessor.java:63)\n\tat java.base/jdk.internal.reflect.NativeMethodAccessorImpl.invoke0(Native Method)\n\tat java.base/jdk.internal.reflect.NativeMethodAccessorImpl.invoke(NativeMethodAccessorImpl.java:77)\n\tat java.base/jdk.internal.reflect.DelegatingMethodAccessorImpl.invoke(DelegatingMethodAccessorImpl.java:43)\n\tat java.base/java.lang.reflect.Method.invoke(Method.java:569)\n\tat org.gradle.internal.dispatch.ReflectionDispatch.dispatch(ReflectionDispatch.java:36)\n\tat org.gradle.internal.dispatch.ReflectionDispatch.dispatch(ReflectionDispatch.java:24)\n\tat org.gradle.internal.dispatch.ContextClassLoaderDispatch.dispatch(ContextClassLoaderDispatch.java:33)\n\tat org.gradle.internal.dispatch.ProxyDispatchAdapter$DispatchingInvocationHandler.invoke(ProxyDispatchAdapter.java:92)\n\tat jdk.proxy1/jdk.proxy1.$Proxy4.stop(Unknown Source)\n\tat org.gradle.api.internal.tasks.testing.worker.TestWorker$3.run(TestWorker.java:200)\n\tat org.gradle.api.internal.tasks.testing.worker.TestWorker.executeAndMaintainThreadName(TestWorker.java:132)\n\tat org.gradle.api.internal.tasks.testing.worker.TestWorker.execute(TestWorker.java:103)\n\tat org.gradle.api.internal.tasks.testing.worker.TestWorker.execute(TestWorker.java:63)\n\tat org.gradle.process.internal.worker.child.ActionExecutionWorker.execute(ActionExecutionWorker.java:56)\n\tat org.gradle.process.internal.worker.child.SystemApplicationClassLoaderWorker.call(SystemApplicationClassLoaderWorker.java:121)\n\tat org.gradle.process.internal.worker.child.SystemApplicationClassLoaderWorker.call(SystemApplicationClassLoaderWorker.java:71)\n\tat worker.org.gradle.process.internal.worker.GradleWorkerMain.run(GradleWorkerMain.java:69)\n\tat worker.org.gradle.process.internal.worker.GradleWorkerMain.main(GradleWorkerMain.java:74)\nCaused by: org.openqa.selenium.ElementClickInterceptedException: element click intercepted: Element <a _ngcontent-ng-c3313756939=\"\" class=\"category ng-star-inserted\" automation-id=\"mainCat\" href=\"https://lenta.com/catalog/novogodnijj-dekor-i-podarki-19899/\">...</a> is not clickable at point (640, 218). Other element would receive the click: <div _ngcontent-ng-c3368085149=\"\" class=\"buttons\">...</div>\n  (Session info: chrome=128.0.6613.137)\nBuild info: version: '4.25.0', revision: '8a8aea2337'\nSystem info: os.name: 'Linux', os.arch: 'amd64', os.version: '6.5.0-1025-azure', java.version: '17.0.13'\nDriver info: org.openqa.selenium.remote.RemoteWebDriver\nCommand: [1b3ba5a22c343767252c69b7d274e5ab, clickElement {id=f.23EF5D141EBBB3BEB0AD338E2D6E0E26.d.8A4F13BEF98DEECC80E26D006A752998.e.44}]\nCapabilities {acceptInsecureCerts: true, browserName: chrome, browserVersion: 128.0.6613.137, chrome: {chromedriverVersion: 128.0.6613.18 (7d504c2c60ba..., userDataDir: /tmp/.org.chromium.Chromium...}, fedcm:accounts: true, goog:chromeOptions: {debuggerAddress: localhost:33589}, networkConnectionEnabled: false, pageLoadStrategy: eager, platformName: linux, proxy: Proxy(), se:cdp: ws://localhost:4444/devtool..., se:cdpVersion: 128.0.6613.137, setWindowRect: true, strictFileInteractability: false, timeouts: {implicit: 0, pageLoad: 300000, script: 30000}, unhandledPromptBehavior: accept, webauthn:extension:credBlob: true, webauthn:extension:largeBlob: true, webauthn:extension:minPinLength: true, webauthn:extension:prf: true, webauthn:virtualAuthenticators: true}\nElement: [[RemoteWebDriver: chrome on linux (1b3ba5a22c343767252c69b7d274e5ab)] -> css selector: [automation-id=mainCat]]\nSession ID: 1b3ba5a22c343767252c69b7d274e5ab\n\tat java.base/jdk.internal.reflect.NativeConstructorAccessorImpl.newInstance0(Native Method)\n\tat java.base/jdk.internal.reflect.NativeConstructorAccessorImpl.newInstance(NativeConstructorAccessorImpl.java:77)\n\tat java.base/jdk.internal.reflect.DelegatingConstructorAccessorImpl.newInstance(DelegatingConstructorAccessorImpl.java:45)\n\tat java.base/java.lang.reflect.Constructor.newInstanceWithCaller(Constructor.java:500)\n\tat java.base/java.lang.reflect.Constructor.newInstance(Constructor.java:481)\n\tat org.openqa.selenium.remote.ErrorCodec.decode(ErrorCodec.java:167)\n\tat org.openqa.selenium.remote.codec.w3c.W3CHttpResponseCodec.decode(W3CHttpResponseCodec.java:138)\n\tat org.openqa.selenium.remote.codec.w3c.W3CHttpResponseCodec.decode(W3CHttpResponseCodec.java:50)\n\tat org.openqa.selenium.remote.HttpCommandExecutor.execute(HttpCommandExecutor.java:190)\n\tat org.openqa.selenium.remote.RemoteWebDriver.execute(RemoteWebDriver.java:545)\n\tat org.openqa.selenium.remote.RemoteWebElement.execute(RemoteWebElement.java:223)\n\tat org.openqa.selenium.remote.RemoteWebElement.click(RemoteWebElement.java:76)\n\tat com.codeborne.selenide.commands.Click.defaultClick(Click.java:106)\n\tat com.codeborne.selenide.commands.Click.doClick(Click.java:83)\n\tat com.codeborne.selenide.commands.Click.click(Click.java:59)\n\tat com.codeborne.selenide.commands.Click.execute(Click.java:34)\n\tat com.codeborne.selenide.commands.Click.execute(Click.java:26)\n\tat com.codeborne.selenide.commands.Commands.execute(Commands.java:162)\n\tat com.codeborne.selenide.impl.SelenideElementProxy.dispatchAndRetry(SelenideElementProxy.java:134)\n\t... 93 more\n","steps":[],"attachments":[{"uid":"8868d03a0c3d466b","name":"Screenshot","source":"8868d03a0c3d466b.png","type":"image/png","size":316107},{"uid":"13765fb938316476","name":"Page source","source":"13765fb938316476.html","type":"text/html","size":1497733}],"parameters":[],"shouldDisplayMessage":true,"stepsCount":0,"attachmentsCount":2,"hasContent":true,"attachmentStep":false}],"attachments":[],"parameters":[],"shouldDisplayMessage":false,"stepsCount":4,"attachmentsCount":2,"hasContent":true,"attachmentStep":false},"afterStages":[{"name":"afterEach","time":{"start":1733942685662,"stop":1733942685717,"duration":55},"status":"passed","steps":[{"name":"$(\"webdriver\") close()","time":{"start":1733942685662,"stop":1733942685716,"duration":54},"status":"passed","steps":[],"attachments":[],"parameters":[],"shouldDisplayMessage":false,"stepsCount":0,"attachmentsCount":0,"hasContent":false,"attachmentStep":false}],"attachments":[],"parameters":[],"shouldDisplayMessage":false,"stepsCount":1,"attachmentsCount":0,"hasContent":true,"attachmentStep":false}],"labels":[{"name":"junit.platform.uniqueid","value":"[engine:junit-jupiter]/[class:com.lenta.Catalog]/[method:openCatalog()]"},{"name":"host","value":"fv-az1442-342"},{"name":"thread","value":"2652@fv-az1442-342.Test worker(1)"},{"name":"framework","value":"junit-platform"},{"name":"language","value":"java"},{"name":"package","value":"com.lenta.Catalog"},{"name":"testClass","value":"com.lenta.Catalog"},{"name":"testMethod","value":"openCatalog"},{"name":"suite","value":"com.lenta.Catalog"},{"name":"resultFormat","value":"allure2"}],"parameters":[],"links":[],"hidden":false,"retry":false,"extra":{"severity":"normal","retries":[],"categories":[{"name":"Product defects","matchedStatuses":[],"flaky":false}],"history":{"statistic":{"failed":3,"broken":0,"skipped":0,"passed":0,"unknown":0,"total":3},"items":[{"uid":"59279c959bfc260b","reportUrl":"https://svmyhome.github.io/qaguru-java/48//#testresult/59279c959bfc260b","status":"failed","statusDetails":"Invalid element state [[automation-id=mainCat]]: element click intercepted: Element <a _ngcontent-ng-c3313756939=\"\" class=\"category ng-star-inserted\" automation-id=\"mainCat\" href=\"https://lenta.com/catalog/novogodnijj-dekor-i-podarki-19899/\">...</a> is not clickable at point (640, 218). Other element would receive the click: <div _ngcontent-ng-c3368085149=\"\" class=\"buttons\">...</div>\nScreenshot: file:/home/runner/work/qaguru-java/qaguru-java/build/reports/tests/1733775789707.1.png\nPage source: file:/home/runner/work/qaguru-java/qaguru-java/build/reports/tests/1733775789707.1.html\nTimeout: 4 s.\nCaused by: ElementClickInterceptedException: element click intercepted: Element <a _ngcontent-ng-c3313756939=\"\" class=\"category ng-star-inserted\" automation-id=\"mainCat\" href=\"https://lenta.com/catalog/novogodnijj-dekor-i-podarki-19899/\">...</a> is not clickable at point (640, 218). Other element would receive the click: <div _ngcontent-ng-c3368085149=\"\" class=\"buttons\">...</div>","time":{"start":1733775777144,"stop":1733775790321,"duration":13177}},{"uid":"cf1b137aa47ccdb9","reportUrl":"https://svmyhome.github.io/qaguru-java/47//#testresult/cf1b137aa47ccdb9","status":"failed","statusDetails":"Invalid element state [[automation-id=mainCat]]: element click intercepted: Element <a _ngcontent-ng-c3313756939=\"\" class=\"category ng-star-inserted\" automation-id=\"mainCat\" href=\"https://lenta.com/catalog/novogodnijj-dekor-i-podarki-19899/\">...</a> is not clickable at point (640, 218). Other element would receive the click: <div _ngcontent-ng-c3368085149=\"\" class=\"buttons\">...</div>\nScreenshot: file:/home/runner/work/qaguru-java/qaguru-java/build/reports/tests/1733775463930.1.png\nPage source: file:/home/runner/work/qaguru-java/qaguru-java/build/reports/tests/1733775463930.1.html\nTimeout: 4 s.\nCaused by: ElementClickInterceptedException: element click intercepted: Element <a _ngcontent-ng-c3313756939=\"\" class=\"category ng-star-inserted\" automation-id=\"mainCat\" href=\"https://lenta.com/catalog/novogodnijj-dekor-i-podarki-19899/\">...</a> is not clickable at point (640, 218). Other element would receive the click: <div _ngcontent-ng-c3368085149=\"\" class=\"buttons\">...</div>","time":{"start":1733775450997,"stop":1733775464530,"duration":13533}}]},"tags":[]},"source":"62761dfa5592f421.json","parameterValues":[]}