{"uid":"542443a7da0af392","name":"submitStudentRegistrationFormFillAllFieldsTest()","fullName":"com.demoqa.SubmitPracticeFormPageTest.submitStudentRegistrationFormFillAllFieldsTest","historyId":"18c2cd3516fbdc2a72c7f186254b5999","time":{"start":1731776523600,"stop":1731776536419,"duration":12819},"description":"","status":"failed","statusMessage":"Invalid element state [div[id^=react-select-3-option-.filter(text \"Uttar Pradesh\")[0]]: element click intercepted: Element <div class=\" css-yt9ioa-option\" id=\"react-select-3-option-1\" tabindex=\"-1\">...</div> is not clickable at point (670, 997). Other element would receive the click: <iframe id=\"google_ads_iframe_/21849154601,22343295815/Ad.Plus-300x250_1\" name=\"google_ads_iframe_/21849154601,22343295815/Ad.Plus-300x250_1\" title=\"3rd party ad content\" width=\"1005\" height=\"124\" scrolling=\"no\" marginwidth=\"0\" marginheight=\"0\" frameborder=\"0\" aria-label=\"Advertisement\" tabindex=\"0\" allow=\"private-state-token-redemption;attribution-reporting\" data-load-complete=\"true\" data-google-container-id=\"7\" style=\"border: 0px; vertical-align: bottom; max-height: 30vh !important; overflow: hidden !important; display: block; margin: 0px auto;\"></iframe>\nScreenshot: file:/home/runner/work/qaguru-java/qaguru-java/build/reports/tests/1731776535946.1.png\nPage source: file:/home/runner/work/qaguru-java/qaguru-java/build/reports/tests/1731776535946.1.html\nTimeout: 4 s.\nCaused by: ElementClickInterceptedException: element click intercepted: Element <div class=\" css-yt9ioa-option\" id=\"react-select-3-option-1\" tabindex=\"-1\">...</div> is not clickable at point (670, 997). Other element would receive the click: <iframe id=\"google_ads_iframe_/21849154601,22343295815/Ad.Plus-300x250_1\" name=\"google_ads_iframe_/21849154601,22343295815/Ad.Plus-300x250_1\" title=\"3rd party ad content\" width=\"1005\" height=\"124\" scrolling=\"no\" marginwidth=\"0\" marginheight=\"0\" frameborder=\"0\" aria-label=\"Advertisement\" tabindex=\"0\" allow=\"private-state-token-redemption;attribution-reporting\" data-load-complete=\"true\" data-google-container-id=\"7\" style=\"border: 0px; vertical-align: bottom; max-height: 30vh !important; overflow: hidden !important; display: block; margin: 0px auto;\"></iframe>","statusTrace":"Invalid element state [div[id^=react-select-3-option-.filter(text \"Uttar Pradesh\")[0]]: element click intercepted: Element <div class=\" css-yt9ioa-option\" id=\"react-select-3-option-1\" tabindex=\"-1\">...</div> is not clickable at point (670, 997). Other element would receive the click: <iframe id=\"google_ads_iframe_/21849154601,22343295815/Ad.Plus-300x250_1\" name=\"google_ads_iframe_/21849154601,22343295815/Ad.Plus-300x250_1\" title=\"3rd party ad content\" width=\"1005\" height=\"124\" scrolling=\"no\" marginwidth=\"0\" marginheight=\"0\" frameborder=\"0\" aria-label=\"Advertisement\" tabindex=\"0\" allow=\"private-state-token-redemption;attribution-reporting\" data-load-complete=\"true\" data-google-container-id=\"7\" style=\"border: 0px; vertical-align: bottom; max-height: 30vh !important; overflow: hidden !important; display: block; margin: 0px auto;\"></iframe>\nScreenshot: file:/home/runner/work/qaguru-java/qaguru-java/build/reports/tests/1731776535946.1.png\nPage source: file:/home/runner/work/qaguru-java/qaguru-java/build/reports/tests/1731776535946.1.html\nTimeout: 4 s.\nCaused by: ElementClickInterceptedException: element click intercepted: Element <div class=\" css-yt9ioa-option\" id=\"react-select-3-option-1\" tabindex=\"-1\">...</div> is not clickable at point (670, 997). Other element would receive the click: <iframe id=\"google_ads_iframe_/21849154601,22343295815/Ad.Plus-300x250_1\" name=\"google_ads_iframe_/21849154601,22343295815/Ad.Plus-300x250_1\" title=\"3rd party ad content\" width=\"1005\" height=\"124\" scrolling=\"no\" marginwidth=\"0\" marginheight=\"0\" frameborder=\"0\" aria-label=\"Advertisement\" tabindex=\"0\" allow=\"private-state-token-redemption;attribution-reporting\" data-load-complete=\"true\" data-google-container-id=\"7\" style=\"border: 0px; vertical-align: bottom; max-height: 30vh !important; overflow: hidden !important; display: block; margin: 0px auto;\"></iframe>\n\tat com.codeborne.selenide.impl.ExceptionWrapper.wrap(ExceptionWrapper.java:26)\n\tat com.codeborne.selenide.impl.SelenideElementProxy.dispatchAndRetry(SelenideElementProxy.java:156)\n\tat com.codeborne.selenide.impl.SelenideElementProxy.invoke(SelenideElementProxy.java:86)\n\tat jdk.proxy3/jdk.proxy3.$Proxy36.click(Unknown Source)\n\tat pages.RegistrationPage.setState(RegistrationPage.java:106)\n\tat com.demoqa.SubmitPracticeFormPageTest.submitStudentRegistrationFormFillAllFieldsTest(SubmitPracticeFormPageTest.java:50)\n\tat java.base/java.lang.reflect.Method.invoke(Method.java:569)\n\tat java.base/java.util.ArrayList.forEach(ArrayList.java:1511)\n\tat java.base/java.util.ArrayList.forEach(ArrayList.java:1511)\nCaused by: org.openqa.selenium.ElementClickInterceptedException: element click intercepted: Element <div class=\" css-yt9ioa-option\" id=\"react-select-3-option-1\" tabindex=\"-1\">...</div> is not clickable at point (670, 997). Other element would receive the click: <iframe id=\"google_ads_iframe_/21849154601,22343295815/Ad.Plus-300x250_1\" name=\"google_ads_iframe_/21849154601,22343295815/Ad.Plus-300x250_1\" title=\"3rd party ad content\" width=\"1005\" height=\"124\" scrolling=\"no\" marginwidth=\"0\" marginheight=\"0\" frameborder=\"0\" aria-label=\"Advertisement\" tabindex=\"0\" allow=\"private-state-token-redemption;attribution-reporting\" data-load-complete=\"true\" data-google-container-id=\"7\" style=\"border: 0px; vertical-align: bottom; max-height: 30vh !important; overflow: hidden !important; display: block; margin: 0px auto;\"></iframe>\n  (Session info: chrome=128.0.6613.137)\nBuild info: version: '4.25.0', revision: '8a8aea2337'\nSystem info: os.name: 'Linux', os.arch: 'amd64', os.version: '6.5.0-1025-azure', java.version: '17.0.13'\nDriver info: org.openqa.selenium.remote.RemoteWebDriver\nCommand: [77eeb29910fc7fcdc0119eba269ccf88, clickElement {id=f.33212F4A338F5F63E84B9E2D86171B33.d.DE02EA21D5CEAFB7930933D2B4129D92.e.154}]\nCapabilities {acceptInsecureCerts: true, browserName: chrome, browserVersion: 128.0.6613.137, chrome: {chromedriverVersion: 128.0.6613.18 (7d504c2c60ba..., userDataDir: /tmp/.org.chromium.Chromium...}, fedcm:accounts: true, goog:chromeOptions: {debuggerAddress: localhost:42897}, networkConnectionEnabled: false, pageLoadStrategy: eager, platformName: linux, proxy: Proxy(), se:cdp: ws://localhost:4444/devtool..., se:cdpVersion: 128.0.6613.137, setWindowRect: true, strictFileInteractability: false, timeouts: {implicit: 0, pageLoad: 300000, script: 30000}, unhandledPromptBehavior: accept, webauthn:extension:credBlob: true, webauthn:extension:largeBlob: true, webauthn:extension:minPinLength: true, webauthn:extension:prf: true, webauthn:virtualAuthenticators: true}\nElement: [[RemoteWebDriver: chrome on linux (77eeb29910fc7fcdc0119eba269ccf88)] -> css selector: div[id^=react-select-3-option-]\nSession ID: 77eeb29910fc7fcdc0119eba269ccf88\n\tat java.base/jdk.internal.reflect.NativeConstructorAccessorImpl.newInstance0(Native Method)\n\tat java.base/jdk.internal.reflect.NativeConstructorAccessorImpl.newInstance(NativeConstructorAccessorImpl.java:77)\n\tat java.base/jdk.internal.reflect.DelegatingConstructorAccessorImpl.newInstance(DelegatingConstructorAccessorImpl.java:45)\n\tat java.base/java.lang.reflect.Constructor.newInstanceWithCaller(Constructor.java:500)\n\tat java.base/java.lang.reflect.Constructor.newInstance(Constructor.java:481)\n\tat org.openqa.selenium.remote.ErrorCodec.decode(ErrorCodec.java:167)\n\tat org.openqa.selenium.remote.codec.w3c.W3CHttpResponseCodec.decode(W3CHttpResponseCodec.java:138)\n\tat org.openqa.selenium.remote.codec.w3c.W3CHttpResponseCodec.decode(W3CHttpResponseCodec.java:50)\n\tat org.openqa.selenium.remote.HttpCommandExecutor.execute(HttpCommandExecutor.java:190)\n\tat org.openqa.selenium.remote.RemoteWebDriver.execute(RemoteWebDriver.java:545)\n\tat org.openqa.selenium.remote.RemoteWebElement.execute(RemoteWebElement.java:223)\n\tat org.openqa.selenium.remote.RemoteWebElement.click(RemoteWebElement.java:76)\n\tat com.codeborne.selenide.commands.Click.defaultClick(Click.java:106)\n\tat com.codeborne.selenide.commands.Click.doClick(Click.java:83)\n\tat com.codeborne.selenide.commands.Click.click(Click.java:59)\n\tat com.codeborne.selenide.commands.Click.execute(Click.java:34)\n\tat com.codeborne.selenide.commands.Click.execute(Click.java:26)\n\tat com.codeborne.selenide.commands.Commands.execute(Commands.java:162)\n\tat com.codeborne.selenide.impl.SelenideElementProxy.dispatchAndRetry(SelenideElementProxy.java:134)\n\t... 7 more\n","flaky":false,"newFailed":false,"newBroken":false,"newPassed":false,"retriesCount":0,"retriesStatusChange":false,"beforeStages":[{"name":"beforeAll","time":{"start":1731776510663,"stop":1731776510664,"duration":1},"status":"passed","steps":[],"attachments":[],"parameters":[],"shouldDisplayMessage":false,"stepsCount":0,"attachmentsCount":0,"hasContent":false,"attachmentStep":false}],"testStage":{"description":"","status":"failed","statusMessage":"Invalid element state [div[id^=react-select-3-option-.filter(text \"Uttar Pradesh\")[0]]: element click intercepted: Element <div class=\" css-yt9ioa-option\" id=\"react-select-3-option-1\" tabindex=\"-1\">...</div> is not clickable at point (670, 997). Other element would receive the click: <iframe id=\"google_ads_iframe_/21849154601,22343295815/Ad.Plus-300x250_1\" name=\"google_ads_iframe_/21849154601,22343295815/Ad.Plus-300x250_1\" title=\"3rd party ad content\" width=\"1005\" height=\"124\" scrolling=\"no\" marginwidth=\"0\" marginheight=\"0\" frameborder=\"0\" aria-label=\"Advertisement\" tabindex=\"0\" allow=\"private-state-token-redemption;attribution-reporting\" data-load-complete=\"true\" data-google-container-id=\"7\" style=\"border: 0px; vertical-align: bottom; max-height: 30vh !important; overflow: hidden !important; display: block; margin: 0px auto;\"></iframe>\nScreenshot: file:/home/runner/work/qaguru-java/qaguru-java/build/reports/tests/1731776535946.1.png\nPage source: file:/home/runner/work/qaguru-java/qaguru-java/build/reports/tests/1731776535946.1.html\nTimeout: 4 s.\nCaused by: ElementClickInterceptedException: element click intercepted: Element <div class=\" css-yt9ioa-option\" id=\"react-select-3-option-1\" tabindex=\"-1\">...</div> is not clickable at point (670, 997). Other element would receive the click: <iframe id=\"google_ads_iframe_/21849154601,22343295815/Ad.Plus-300x250_1\" name=\"google_ads_iframe_/21849154601,22343295815/Ad.Plus-300x250_1\" title=\"3rd party ad content\" width=\"1005\" height=\"124\" scrolling=\"no\" marginwidth=\"0\" marginheight=\"0\" frameborder=\"0\" aria-label=\"Advertisement\" tabindex=\"0\" allow=\"private-state-token-redemption;attribution-reporting\" data-load-complete=\"true\" data-google-container-id=\"7\" style=\"border: 0px; vertical-align: bottom; max-height: 30vh !important; overflow: hidden !important; display: block; margin: 0px auto;\"></iframe>","statusTrace":"Invalid element state [div[id^=react-select-3-option-.filter(text \"Uttar Pradesh\")[0]]: element click intercepted: Element <div class=\" css-yt9ioa-option\" id=\"react-select-3-option-1\" tabindex=\"-1\">...</div> is not clickable at point (670, 997). Other element would receive the click: <iframe id=\"google_ads_iframe_/21849154601,22343295815/Ad.Plus-300x250_1\" name=\"google_ads_iframe_/21849154601,22343295815/Ad.Plus-300x250_1\" title=\"3rd party ad content\" width=\"1005\" height=\"124\" scrolling=\"no\" marginwidth=\"0\" marginheight=\"0\" frameborder=\"0\" aria-label=\"Advertisement\" tabindex=\"0\" allow=\"private-state-token-redemption;attribution-reporting\" data-load-complete=\"true\" data-google-container-id=\"7\" style=\"border: 0px; vertical-align: bottom; max-height: 30vh !important; overflow: hidden !important; display: block; margin: 0px auto;\"></iframe>\nScreenshot: file:/home/runner/work/qaguru-java/qaguru-java/build/reports/tests/1731776535946.1.png\nPage source: file:/home/runner/work/qaguru-java/qaguru-java/build/reports/tests/1731776535946.1.html\nTimeout: 4 s.\nCaused by: ElementClickInterceptedException: element click intercepted: Element <div class=\" css-yt9ioa-option\" id=\"react-select-3-option-1\" tabindex=\"-1\">...</div> is not clickable at point (670, 997). Other element would receive the click: <iframe id=\"google_ads_iframe_/21849154601,22343295815/Ad.Plus-300x250_1\" name=\"google_ads_iframe_/21849154601,22343295815/Ad.Plus-300x250_1\" title=\"3rd party ad content\" width=\"1005\" height=\"124\" scrolling=\"no\" marginwidth=\"0\" marginheight=\"0\" frameborder=\"0\" aria-label=\"Advertisement\" tabindex=\"0\" allow=\"private-state-token-redemption;attribution-reporting\" data-load-complete=\"true\" data-google-container-id=\"7\" style=\"border: 0px; vertical-align: bottom; max-height: 30vh !important; overflow: hidden !important; display: block; margin: 0px auto;\"></iframe>\n\tat com.codeborne.selenide.impl.ExceptionWrapper.wrap(ExceptionWrapper.java:26)\n\tat com.codeborne.selenide.impl.SelenideElementProxy.dispatchAndRetry(SelenideElementProxy.java:156)\n\tat com.codeborne.selenide.impl.SelenideElementProxy.invoke(SelenideElementProxy.java:86)\n\tat jdk.proxy3/jdk.proxy3.$Proxy36.click(Unknown Source)\n\tat pages.RegistrationPage.setState(RegistrationPage.java:106)\n\tat com.demoqa.SubmitPracticeFormPageTest.submitStudentRegistrationFormFillAllFieldsTest(SubmitPracticeFormPageTest.java:50)\n\tat java.base/java.lang.reflect.Method.invoke(Method.java:569)\n\tat java.base/java.util.ArrayList.forEach(ArrayList.java:1511)\n\tat java.base/java.util.ArrayList.forEach(ArrayList.java:1511)\nCaused by: org.openqa.selenium.ElementClickInterceptedException: element click intercepted: Element <div class=\" css-yt9ioa-option\" id=\"react-select-3-option-1\" tabindex=\"-1\">...</div> is not clickable at point (670, 997). Other element would receive the click: <iframe id=\"google_ads_iframe_/21849154601,22343295815/Ad.Plus-300x250_1\" name=\"google_ads_iframe_/21849154601,22343295815/Ad.Plus-300x250_1\" title=\"3rd party ad content\" width=\"1005\" height=\"124\" scrolling=\"no\" marginwidth=\"0\" marginheight=\"0\" frameborder=\"0\" aria-label=\"Advertisement\" tabindex=\"0\" allow=\"private-state-token-redemption;attribution-reporting\" data-load-complete=\"true\" data-google-container-id=\"7\" style=\"border: 0px; vertical-align: bottom; max-height: 30vh !important; overflow: hidden !important; display: block; margin: 0px auto;\"></iframe>\n  (Session info: chrome=128.0.6613.137)\nBuild info: version: '4.25.0', revision: '8a8aea2337'\nSystem info: os.name: 'Linux', os.arch: 'amd64', os.version: '6.5.0-1025-azure', java.version: '17.0.13'\nDriver info: org.openqa.selenium.remote.RemoteWebDriver\nCommand: [77eeb29910fc7fcdc0119eba269ccf88, clickElement {id=f.33212F4A338F5F63E84B9E2D86171B33.d.DE02EA21D5CEAFB7930933D2B4129D92.e.154}]\nCapabilities {acceptInsecureCerts: true, browserName: chrome, browserVersion: 128.0.6613.137, chrome: {chromedriverVersion: 128.0.6613.18 (7d504c2c60ba..., userDataDir: /tmp/.org.chromium.Chromium...}, fedcm:accounts: true, goog:chromeOptions: {debuggerAddress: localhost:42897}, networkConnectionEnabled: false, pageLoadStrategy: eager, platformName: linux, proxy: Proxy(), se:cdp: ws://localhost:4444/devtool..., se:cdpVersion: 128.0.6613.137, setWindowRect: true, strictFileInteractability: false, timeouts: {implicit: 0, pageLoad: 300000, script: 30000}, unhandledPromptBehavior: accept, webauthn:extension:credBlob: true, webauthn:extension:largeBlob: true, webauthn:extension:minPinLength: true, webauthn:extension:prf: true, webauthn:virtualAuthenticators: true}\nElement: [[RemoteWebDriver: chrome on linux (77eeb29910fc7fcdc0119eba269ccf88)] -> css selector: div[id^=react-select-3-option-]\nSession ID: 77eeb29910fc7fcdc0119eba269ccf88\n\tat java.base/jdk.internal.reflect.NativeConstructorAccessorImpl.newInstance0(Native Method)\n\tat java.base/jdk.internal.reflect.NativeConstructorAccessorImpl.newInstance(NativeConstructorAccessorImpl.java:77)\n\tat java.base/jdk.internal.reflect.DelegatingConstructorAccessorImpl.newInstance(DelegatingConstructorAccessorImpl.java:45)\n\tat java.base/java.lang.reflect.Constructor.newInstanceWithCaller(Constructor.java:500)\n\tat java.base/java.lang.reflect.Constructor.newInstance(Constructor.java:481)\n\tat org.openqa.selenium.remote.ErrorCodec.decode(ErrorCodec.java:167)\n\tat org.openqa.selenium.remote.codec.w3c.W3CHttpResponseCodec.decode(W3CHttpResponseCodec.java:138)\n\tat org.openqa.selenium.remote.codec.w3c.W3CHttpResponseCodec.decode(W3CHttpResponseCodec.java:50)\n\tat org.openqa.selenium.remote.HttpCommandExecutor.execute(HttpCommandExecutor.java:190)\n\tat org.openqa.selenium.remote.RemoteWebDriver.execute(RemoteWebDriver.java:545)\n\tat org.openqa.selenium.remote.RemoteWebElement.execute(RemoteWebElement.java:223)\n\tat org.openqa.selenium.remote.RemoteWebElement.click(RemoteWebElement.java:76)\n\tat com.codeborne.selenide.commands.Click.defaultClick(Click.java:106)\n\tat com.codeborne.selenide.commands.Click.doClick(Click.java:83)\n\tat com.codeborne.selenide.commands.Click.click(Click.java:59)\n\tat com.codeborne.selenide.commands.Click.execute(Click.java:34)\n\tat com.codeborne.selenide.commands.Click.execute(Click.java:26)\n\tat com.codeborne.selenide.commands.Commands.execute(Commands.java:162)\n\tat com.codeborne.selenide.impl.SelenideElementProxy.dispatchAndRetry(SelenideElementProxy.java:134)\n\t... 7 more\n","steps":[{"name":"$(\"open\") https://demoqa.com/automation-practice-form","time":{"start":1731776523601,"stop":1731776525647,"duration":2046},"status":"passed","steps":[{"name":"$(\"webdriver\") create()","time":{"start":1731776523601,"stop":1731776524669,"duration":1068},"status":"passed","steps":[],"attachments":[],"parameters":[],"shouldDisplayMessage":false,"stepsCount":0,"attachmentsCount":0,"hasContent":false,"attachmentStep":false}],"attachments":[],"parameters":[],"shouldDisplayMessage":false,"stepsCount":1,"attachmentsCount":0,"hasContent":true,"attachmentStep":false},{"name":"$(\"#firstName\") set value(Василиса)","time":{"start":1731776525676,"stop":1731776525795,"duration":119},"status":"passed","steps":[],"attachments":[],"parameters":[],"shouldDisplayMessage":false,"stepsCount":0,"attachmentsCount":0,"hasContent":false,"attachmentStep":false},{"name":"$(\"#lastName\") type(Красильникова)","time":{"start":1731776525795,"stop":1731776529514,"duration":3719},"status":"passed","steps":[{"name":"$(\"#lastName\") clear()","time":{"start":1731776525795,"stop":1731776525871,"duration":76},"status":"passed","steps":[],"attachments":[],"parameters":[],"shouldDisplayMessage":false,"stepsCount":0,"attachmentsCount":0,"hasContent":false,"attachmentStep":false}],"attachments":[],"parameters":[],"shouldDisplayMessage":false,"stepsCount":1,"attachmentsCount":0,"hasContent":true,"attachmentStep":false},{"name":"$(\"#userEmail\") set value(reynaldo.hyatt@yahoo.com)","time":{"start":1731776529514,"stop":1731776529627,"duration":113},"status":"passed","steps":[],"attachments":[],"parameters":[],"shouldDisplayMessage":false,"stepsCount":0,"attachmentsCount":0,"hasContent":false,"attachmentStep":false},{"name":"$(\"label[for^='gender-radio-'].filter(text \"Male\")[0]\") click()","time":{"start":1731776529627,"stop":1731776529710,"duration":83},"status":"passed","steps":[],"attachments":[],"parameters":[],"shouldDisplayMessage":false,"stepsCount":0,"attachmentsCount":0,"hasContent":false,"attachmentStep":false},{"name":"$(\"#userNumber\") set value(8517117343)","time":{"start":1731776529710,"stop":1731776529806,"duration":96},"status":"passed","steps":[],"attachments":[],"parameters":[],"shouldDisplayMessage":false,"stepsCount":0,"attachmentsCount":0,"hasContent":false,"attachmentStep":false},{"name":"$(\"#dateOfBirthInput\") click()","time":{"start":1731776529806,"stop":1731776529917,"duration":111},"status":"passed","steps":[],"attachments":[],"parameters":[],"shouldDisplayMessage":false,"stepsCount":0,"attachmentsCount":0,"hasContent":false,"attachmentStep":false},{"name":"$(\".react-datepicker__month-select\") select option(November)","time":{"start":1731776529917,"stop":1731776529952,"duration":35},"status":"passed","steps":[],"attachments":[],"parameters":[],"shouldDisplayMessage":false,"stepsCount":0,"attachmentsCount":0,"hasContent":false,"attachmentStep":false},{"name":"$(\".react-datepicker__year-select\") select option(1996)","time":{"start":1731776529952,"stop":1731776529981,"duration":29},"status":"passed","steps":[],"attachments":[],"parameters":[],"shouldDisplayMessage":false,"stepsCount":0,"attachmentsCount":0,"hasContent":false,"attachmentStep":false},{"name":"$(\".react-datepicker__day--007:not(.react-datepicker__day--outside-month)\") click()","time":{"start":1731776529983,"stop":1731776530058,"duration":75},"status":"passed","steps":[],"attachments":[],"parameters":[],"shouldDisplayMessage":false,"stepsCount":0,"attachmentsCount":0,"hasContent":false,"attachmentStep":false},{"name":"$(\"#subjectsInput\") set value(m)","time":{"start":1731776530059,"stop":1731776530169,"duration":110},"status":"passed","steps":[],"attachments":[],"parameters":[],"shouldDisplayMessage":false,"stepsCount":0,"attachmentsCount":0,"hasContent":false,"attachmentStep":false},{"name":"$(\"div[id^='react-select-2-option-'].filter(text \"Maths\")[0]\") click()","time":{"start":1731776530169,"stop":1731776530526,"duration":357},"status":"passed","steps":[],"attachments":[],"parameters":[],"shouldDisplayMessage":false,"stepsCount":0,"attachmentsCount":0,"hasContent":false,"attachmentStep":false},{"name":"$(\"label[for^='hobbies-checkbox'].filter(text \"Sports\")[0]\") click()","time":{"start":1731776530527,"stop":1731776530604,"duration":77},"status":"passed","steps":[],"attachments":[],"parameters":[],"shouldDisplayMessage":false,"stepsCount":0,"attachmentsCount":0,"hasContent":false,"attachmentStep":false},{"name":"$(\"label[for^='hobbies-checkbox'].filter(text \"Music\")[0]\") click()","time":{"start":1731776530604,"stop":1731776530700,"duration":96},"status":"passed","steps":[],"attachments":[],"parameters":[],"shouldDisplayMessage":false,"stepsCount":0,"attachmentsCount":0,"hasContent":false,"attachmentStep":false},{"name":"$(\"#uploadPicture\") upload from classpath(images/test.jpg)","time":{"start":1731776530700,"stop":1731776530748,"duration":48},"status":"passed","steps":[],"attachments":[],"parameters":[],"shouldDisplayMessage":false,"stepsCount":0,"attachmentsCount":0,"hasContent":false,"attachmentStep":false},{"name":"$(\"#currentAddress\") set value(пр. Маяковского, 882)","time":{"start":1731776530748,"stop":1731776530856,"duration":108},"status":"passed","steps":[],"attachments":[],"parameters":[],"shouldDisplayMessage":false,"stepsCount":0,"attachmentsCount":0,"hasContent":false,"attachmentStep":false},{"name":"$(\"#state\") click()","time":{"start":1731776530856,"stop":1731776530917,"duration":61},"status":"passed","steps":[],"attachments":[],"parameters":[],"shouldDisplayMessage":false,"stepsCount":0,"attachmentsCount":0,"hasContent":false,"attachmentStep":false},{"name":"$(\"div[id^=react-select-3-option-.filter(text \"Uttar Pradesh\")[0]\") click()","time":{"start":1731776530918,"stop":1731776536357,"duration":5439},"status":"failed","statusMessage":"Invalid element state [div[id^=react-select-3-option-.filter(text \"Uttar Pradesh\")[0]]: element click intercepted: Element <div class=\" css-yt9ioa-option\" id=\"react-select-3-option-1\" tabindex=\"-1\">...</div> is not clickable at point (670, 997). Other element would receive the click: <iframe id=\"google_ads_iframe_/21849154601,22343295815/Ad.Plus-300x250_1\" name=\"google_ads_iframe_/21849154601,22343295815/Ad.Plus-300x250_1\" title=\"3rd party ad content\" width=\"1005\" height=\"124\" scrolling=\"no\" marginwidth=\"0\" marginheight=\"0\" frameborder=\"0\" aria-label=\"Advertisement\" tabindex=\"0\" allow=\"private-state-token-redemption;attribution-reporting\" data-load-complete=\"true\" data-google-container-id=\"7\" style=\"border: 0px; vertical-align: bottom; max-height: 30vh !important; overflow: hidden !important; display: block; margin: 0px auto;\"></iframe>\nScreenshot: file:/home/runner/work/qaguru-java/qaguru-java/build/reports/tests/1731776535946.1.png\nPage source: file:/home/runner/work/qaguru-java/qaguru-java/build/reports/tests/1731776535946.1.html\nTimeout: 4 s.\nCaused by: ElementClickInterceptedException: element click intercepted: Element <div class=\" css-yt9ioa-option\" id=\"react-select-3-option-1\" tabindex=\"-1\">...</div> is not clickable at point (670, 997). Other element would receive the click: <iframe id=\"google_ads_iframe_/21849154601,22343295815/Ad.Plus-300x250_1\" name=\"google_ads_iframe_/21849154601,22343295815/Ad.Plus-300x250_1\" title=\"3rd party ad content\" width=\"1005\" height=\"124\" scrolling=\"no\" marginwidth=\"0\" marginheight=\"0\" frameborder=\"0\" aria-label=\"Advertisement\" tabindex=\"0\" allow=\"private-state-token-redemption;attribution-reporting\" data-load-complete=\"true\" data-google-container-id=\"7\" style=\"border: 0px; vertical-align: bottom; max-height: 30vh !important; overflow: hidden !important; display: block; margin: 0px auto;\"></iframe>","statusTrace":"Invalid element state [div[id^=react-select-3-option-.filter(text \"Uttar Pradesh\")[0]]: element click intercepted: Element <div class=\" css-yt9ioa-option\" id=\"react-select-3-option-1\" tabindex=\"-1\">...</div> is not clickable at point (670, 997). Other element would receive the click: <iframe id=\"google_ads_iframe_/21849154601,22343295815/Ad.Plus-300x250_1\" name=\"google_ads_iframe_/21849154601,22343295815/Ad.Plus-300x250_1\" title=\"3rd party ad content\" width=\"1005\" height=\"124\" scrolling=\"no\" marginwidth=\"0\" marginheight=\"0\" frameborder=\"0\" aria-label=\"Advertisement\" tabindex=\"0\" allow=\"private-state-token-redemption;attribution-reporting\" data-load-complete=\"true\" data-google-container-id=\"7\" style=\"border: 0px; vertical-align: bottom; max-height: 30vh !important; overflow: hidden !important; display: block; margin: 0px auto;\"></iframe>\nScreenshot: file:/home/runner/work/qaguru-java/qaguru-java/build/reports/tests/1731776535946.1.png\nPage source: file:/home/runner/work/qaguru-java/qaguru-java/build/reports/tests/1731776535946.1.html\nTimeout: 4 s.\nCaused by: ElementClickInterceptedException: element click intercepted: Element <div class=\" css-yt9ioa-option\" id=\"react-select-3-option-1\" tabindex=\"-1\">...</div> is not clickable at point (670, 997). Other element would receive the click: <iframe id=\"google_ads_iframe_/21849154601,22343295815/Ad.Plus-300x250_1\" name=\"google_ads_iframe_/21849154601,22343295815/Ad.Plus-300x250_1\" title=\"3rd party ad content\" width=\"1005\" height=\"124\" scrolling=\"no\" marginwidth=\"0\" marginheight=\"0\" frameborder=\"0\" aria-label=\"Advertisement\" tabindex=\"0\" allow=\"private-state-token-redemption;attribution-reporting\" data-load-complete=\"true\" data-google-container-id=\"7\" style=\"border: 0px; vertical-align: bottom; max-height: 30vh !important; overflow: hidden !important; display: block; margin: 0px auto;\"></iframe>\n\tat com.codeborne.selenide.impl.ExceptionWrapper.wrap(ExceptionWrapper.java:26)\n\tat com.codeborne.selenide.impl.SelenideElementProxy.dispatchAndRetry(SelenideElementProxy.java:156)\n\tat com.codeborne.selenide.impl.SelenideElementProxy.invoke(SelenideElementProxy.java:86)\n\tat jdk.proxy3/jdk.proxy3.$Proxy36.click(Unknown Source)\n\tat pages.RegistrationPage.setState(RegistrationPage.java:106)\n\tat com.demoqa.SubmitPracticeFormPageTest.submitStudentRegistrationFormFillAllFieldsTest(SubmitPracticeFormPageTest.java:50)\n\tat java.base/jdk.internal.reflect.NativeMethodAccessorImpl.invoke0(Native Method)\n\tat java.base/jdk.internal.reflect.NativeMethodAccessorImpl.invoke(NativeMethodAccessorImpl.java:77)\n\tat java.base/jdk.internal.reflect.DelegatingMethodAccessorImpl.invoke(DelegatingMethodAccessorImpl.java:43)\n\tat java.base/java.lang.reflect.Method.invoke(Method.java:569)\n\tat org.junit.platform.commons.util.ReflectionUtils.invokeMethod(ReflectionUtils.java:766)\n\tat org.junit.jupiter.engine.execution.MethodInvocation.proceed(MethodInvocation.java:60)\n\tat org.junit.jupiter.engine.execution.InvocationInterceptorChain$ValidatingInvocation.proceed(InvocationInterceptorChain.java:131)\n\tat org.junit.jupiter.api.extension.InvocationInterceptor.interceptTestMethod(InvocationInterceptor.java:118)\n\tat org.junit.jupiter.engine.execution.InterceptingExecutableInvoker$ReflectiveInterceptorCall.lambda$ofVoidMethod$0(InterceptingExecutableInvoker.java:103)\n\tat org.junit.jupiter.engine.execution.InterceptingExecutableInvoker.lambda$invoke$0(InterceptingExecutableInvoker.java:93)\n\tat org.junit.jupiter.engine.execution.InvocationInterceptorChain$InterceptedInvocation.proceed(InvocationInterceptorChain.java:106)\n\tat org.junit.jupiter.engine.extension.TimeoutExtension.intercept(TimeoutExtension.java:156)\n\tat org.junit.jupiter.engine.extension.TimeoutExtension.interceptTestableMethod(TimeoutExtension.java:147)\n\tat org.junit.jupiter.engine.extension.TimeoutExtension.interceptTestMethod(TimeoutExtension.java:86)\n\tat org.junit.jupiter.engine.execution.InterceptingExecutableInvoker$ReflectiveInterceptorCall.lambda$ofVoidMethod$0(InterceptingExecutableInvoker.java:103)\n\tat org.junit.jupiter.engine.execution.InterceptingExecutableInvoker.lambda$invoke$0(InterceptingExecutableInvoker.java:93)\n\tat org.junit.jupiter.engine.execution.InvocationInterceptorChain$InterceptedInvocation.proceed(InvocationInterceptorChain.java:106)\n\tat org.junit.jupiter.engine.execution.InvocationInterceptorChain.proceed(InvocationInterceptorChain.java:64)\n\tat org.junit.jupiter.engine.execution.InvocationInterceptorChain.chainAndInvoke(InvocationInterceptorChain.java:45)\n\tat org.junit.jupiter.engine.execution.InvocationInterceptorChain.invoke(InvocationInterceptorChain.java:37)\n\tat org.junit.jupiter.engine.execution.InterceptingExecutableInvoker.invoke(InterceptingExecutableInvoker.java:92)\n\tat org.junit.jupiter.engine.execution.InterceptingExecutableInvoker.invoke(InterceptingExecutableInvoker.java:86)\n\tat org.junit.jupiter.engine.descriptor.TestMethodTestDescriptor.lambda$invokeTestMethod$8(TestMethodTestDescriptor.java:217)\n\tat org.junit.platform.engine.support.hierarchical.ThrowableCollector.execute(ThrowableCollector.java:73)\n\tat org.junit.jupiter.engine.descriptor.TestMethodTestDescriptor.invokeTestMethod(TestMethodTestDescriptor.java:213)\n\tat org.junit.jupiter.engine.descriptor.TestMethodTestDescriptor.execute(TestMethodTestDescriptor.java:138)\n\tat org.junit.jupiter.engine.descriptor.TestMethodTestDescriptor.execute(TestMethodTestDescriptor.java:68)\n\tat org.junit.platform.engine.support.hierarchical.NodeTestTask.lambda$executeRecursively$6(NodeTestTask.java:156)\n\tat org.junit.platform.engine.support.hierarchical.ThrowableCollector.execute(ThrowableCollector.java:73)\n\tat org.junit.platform.engine.support.hierarchical.NodeTestTask.lambda$executeRecursively$8(NodeTestTask.java:146)\n\tat org.junit.platform.engine.support.hierarchical.Node.around(Node.java:137)\n\tat org.junit.platform.engine.support.hierarchical.NodeTestTask.lambda$executeRecursively$9(NodeTestTask.java:144)\n\tat org.junit.platform.engine.support.hierarchical.ThrowableCollector.execute(ThrowableCollector.java:73)\n\tat org.junit.platform.engine.support.hierarchical.NodeTestTask.executeRecursively(NodeTestTask.java:143)\n\tat org.junit.platform.engine.support.hierarchical.NodeTestTask.execute(NodeTestTask.java:100)\n\tat java.base/java.util.ArrayList.forEach(ArrayList.java:1511)\n\tat org.junit.platform.engine.support.hierarchical.SameThreadHierarchicalTestExecutorService.invokeAll(SameThreadHierarchicalTestExecutorService.java:41)\n\tat org.junit.platform.engine.support.hierarchical.NodeTestTask.lambda$executeRecursively$6(NodeTestTask.java:160)\n\tat org.junit.platform.engine.support.hierarchical.ThrowableCollector.execute(ThrowableCollector.java:73)\n\tat org.junit.platform.engine.support.hierarchical.NodeTestTask.lambda$executeRecursively$8(NodeTestTask.java:146)\n\tat org.junit.platform.engine.support.hierarchical.Node.around(Node.java:137)\n\tat org.junit.platform.engine.support.hierarchical.NodeTestTask.lambda$executeRecursively$9(NodeTestTask.java:144)\n\tat org.junit.platform.engine.support.hierarchical.ThrowableCollector.execute(ThrowableCollector.java:73)\n\tat org.junit.platform.engine.support.hierarchical.NodeTestTask.executeRecursively(NodeTestTask.java:143)\n\tat org.junit.platform.engine.support.hierarchical.NodeTestTask.execute(NodeTestTask.java:100)\n\tat java.base/java.util.ArrayList.forEach(ArrayList.java:1511)\n\tat org.junit.platform.engine.support.hierarchical.SameThreadHierarchicalTestExecutorService.invokeAll(SameThreadHierarchicalTestExecutorService.java:41)\n\tat org.junit.platform.engine.support.hierarchical.NodeTestTask.lambda$executeRecursively$6(NodeTestTask.java:160)\n\tat org.junit.platform.engine.support.hierarchical.ThrowableCollector.execute(ThrowableCollector.java:73)\n\tat org.junit.platform.engine.support.hierarchical.NodeTestTask.lambda$executeRecursively$8(NodeTestTask.java:146)\n\tat org.junit.platform.engine.support.hierarchical.Node.around(Node.java:137)\n\tat org.junit.platform.engine.support.hierarchical.NodeTestTask.lambda$executeRecursively$9(NodeTestTask.java:144)\n\tat org.junit.platform.engine.support.hierarchical.ThrowableCollector.execute(ThrowableCollector.java:73)\n\tat org.junit.platform.engine.support.hierarchical.NodeTestTask.executeRecursively(NodeTestTask.java:143)\n\tat org.junit.platform.engine.support.hierarchical.NodeTestTask.execute(NodeTestTask.java:100)\n\tat org.junit.platform.engine.support.hierarchical.SameThreadHierarchicalTestExecutorService.submit(SameThreadHierarchicalTestExecutorService.java:35)\n\tat org.junit.platform.engine.support.hierarchical.HierarchicalTestExecutor.execute(HierarchicalTestExecutor.java:57)\n\tat org.junit.platform.engine.support.hierarchical.HierarchicalTestEngine.execute(HierarchicalTestEngine.java:54)\n\tat org.junit.platform.launcher.core.EngineExecutionOrchestrator.execute(EngineExecutionOrchestrator.java:198)\n\tat org.junit.platform.launcher.core.EngineExecutionOrchestrator.execute(EngineExecutionOrchestrator.java:169)\n\tat org.junit.platform.launcher.core.EngineExecutionOrchestrator.execute(EngineExecutionOrchestrator.java:93)\n\tat org.junit.platform.launcher.core.EngineExecutionOrchestrator.lambda$execute$0(EngineExecutionOrchestrator.java:58)\n\tat org.junit.platform.launcher.core.EngineExecutionOrchestrator.withInterceptedStreams(EngineExecutionOrchestrator.java:141)\n\tat org.junit.platform.launcher.core.EngineExecutionOrchestrator.execute(EngineExecutionOrchestrator.java:57)\n\tat org.junit.platform.launcher.core.DefaultLauncher.execute(DefaultLauncher.java:103)\n\tat org.junit.platform.launcher.core.DefaultLauncher.execute(DefaultLauncher.java:85)\n\tat org.junit.platform.launcher.core.DelegatingLauncher.execute(DelegatingLauncher.java:47)\n\tat org.gradle.api.internal.tasks.testing.junitplatform.JUnitPlatformTestClassProcessor$CollectAllTestClassesExecutor.processAllTestClasses(JUnitPlatformTestClassProcessor.java:124)\n\tat org.gradle.api.internal.tasks.testing.junitplatform.JUnitPlatformTestClassProcessor$CollectAllTestClassesExecutor.access$000(JUnitPlatformTestClassProcessor.java:99)\n\tat org.gradle.api.internal.tasks.testing.junitplatform.JUnitPlatformTestClassProcessor.stop(JUnitPlatformTestClassProcessor.java:94)\n\tat org.gradle.api.internal.tasks.testing.SuiteTestClassProcessor.stop(SuiteTestClassProcessor.java:63)\n\tat java.base/jdk.internal.reflect.NativeMethodAccessorImpl.invoke0(Native Method)\n\tat java.base/jdk.internal.reflect.NativeMethodAccessorImpl.invoke(NativeMethodAccessorImpl.java:77)\n\tat java.base/jdk.internal.reflect.DelegatingMethodAccessorImpl.invoke(DelegatingMethodAccessorImpl.java:43)\n\tat java.base/java.lang.reflect.Method.invoke(Method.java:569)\n\tat org.gradle.internal.dispatch.ReflectionDispatch.dispatch(ReflectionDispatch.java:36)\n\tat org.gradle.internal.dispatch.ReflectionDispatch.dispatch(ReflectionDispatch.java:24)\n\tat org.gradle.internal.dispatch.ContextClassLoaderDispatch.dispatch(ContextClassLoaderDispatch.java:33)\n\tat org.gradle.internal.dispatch.ProxyDispatchAdapter$DispatchingInvocationHandler.invoke(ProxyDispatchAdapter.java:92)\n\tat jdk.proxy1/jdk.proxy1.$Proxy4.stop(Unknown Source)\n\tat org.gradle.api.internal.tasks.testing.worker.TestWorker$3.run(TestWorker.java:200)\n\tat org.gradle.api.internal.tasks.testing.worker.TestWorker.executeAndMaintainThreadName(TestWorker.java:132)\n\tat org.gradle.api.internal.tasks.testing.worker.TestWorker.execute(TestWorker.java:103)\n\tat org.gradle.api.internal.tasks.testing.worker.TestWorker.execute(TestWorker.java:63)\n\tat org.gradle.process.internal.worker.child.ActionExecutionWorker.execute(ActionExecutionWorker.java:56)\n\tat org.gradle.process.internal.worker.child.SystemApplicationClassLoaderWorker.call(SystemApplicationClassLoaderWorker.java:121)\n\tat org.gradle.process.internal.worker.child.SystemApplicationClassLoaderWorker.call(SystemApplicationClassLoaderWorker.java:71)\n\tat worker.org.gradle.process.internal.worker.GradleWorkerMain.run(GradleWorkerMain.java:69)\n\tat worker.org.gradle.process.internal.worker.GradleWorkerMain.main(GradleWorkerMain.java:74)\nCaused by: org.openqa.selenium.ElementClickInterceptedException: element click intercepted: Element <div class=\" css-yt9ioa-option\" id=\"react-select-3-option-1\" tabindex=\"-1\">...</div> is not clickable at point (670, 997). Other element would receive the click: <iframe id=\"google_ads_iframe_/21849154601,22343295815/Ad.Plus-300x250_1\" name=\"google_ads_iframe_/21849154601,22343295815/Ad.Plus-300x250_1\" title=\"3rd party ad content\" width=\"1005\" height=\"124\" scrolling=\"no\" marginwidth=\"0\" marginheight=\"0\" frameborder=\"0\" aria-label=\"Advertisement\" tabindex=\"0\" allow=\"private-state-token-redemption;attribution-reporting\" data-load-complete=\"true\" data-google-container-id=\"7\" style=\"border: 0px; vertical-align: bottom; max-height: 30vh !important; overflow: hidden !important; display: block; margin: 0px auto;\"></iframe>\n  (Session info: chrome=128.0.6613.137)\nBuild info: version: '4.25.0', revision: '8a8aea2337'\nSystem info: os.name: 'Linux', os.arch: 'amd64', os.version: '6.5.0-1025-azure', java.version: '17.0.13'\nDriver info: org.openqa.selenium.remote.RemoteWebDriver\nCommand: [77eeb29910fc7fcdc0119eba269ccf88, clickElement {id=f.33212F4A338F5F63E84B9E2D86171B33.d.DE02EA21D5CEAFB7930933D2B4129D92.e.154}]\nCapabilities {acceptInsecureCerts: true, browserName: chrome, browserVersion: 128.0.6613.137, chrome: {chromedriverVersion: 128.0.6613.18 (7d504c2c60ba..., userDataDir: /tmp/.org.chromium.Chromium...}, fedcm:accounts: true, goog:chromeOptions: {debuggerAddress: localhost:42897}, networkConnectionEnabled: false, pageLoadStrategy: eager, platformName: linux, proxy: Proxy(), se:cdp: ws://localhost:4444/devtool..., se:cdpVersion: 128.0.6613.137, setWindowRect: true, strictFileInteractability: false, timeouts: {implicit: 0, pageLoad: 300000, script: 30000}, unhandledPromptBehavior: accept, webauthn:extension:credBlob: true, webauthn:extension:largeBlob: true, webauthn:extension:minPinLength: true, webauthn:extension:prf: true, webauthn:virtualAuthenticators: true}\nElement: [[RemoteWebDriver: chrome on linux (77eeb29910fc7fcdc0119eba269ccf88)] -> css selector: div[id^=react-select-3-option-]\nSession ID: 77eeb29910fc7fcdc0119eba269ccf88\n\tat java.base/jdk.internal.reflect.NativeConstructorAccessorImpl.newInstance0(Native Method)\n\tat java.base/jdk.internal.reflect.NativeConstructorAccessorImpl.newInstance(NativeConstructorAccessorImpl.java:77)\n\tat java.base/jdk.internal.reflect.DelegatingConstructorAccessorImpl.newInstance(DelegatingConstructorAccessorImpl.java:45)\n\tat java.base/java.lang.reflect.Constructor.newInstanceWithCaller(Constructor.java:500)\n\tat java.base/java.lang.reflect.Constructor.newInstance(Constructor.java:481)\n\tat org.openqa.selenium.remote.ErrorCodec.decode(ErrorCodec.java:167)\n\tat org.openqa.selenium.remote.codec.w3c.W3CHttpResponseCodec.decode(W3CHttpResponseCodec.java:138)\n\tat org.openqa.selenium.remote.codec.w3c.W3CHttpResponseCodec.decode(W3CHttpResponseCodec.java:50)\n\tat org.openqa.selenium.remote.HttpCommandExecutor.execute(HttpCommandExecutor.java:190)\n\tat org.openqa.selenium.remote.RemoteWebDriver.execute(RemoteWebDriver.java:545)\n\tat org.openqa.selenium.remote.RemoteWebElement.execute(RemoteWebElement.java:223)\n\tat org.openqa.selenium.remote.RemoteWebElement.click(RemoteWebElement.java:76)\n\tat com.codeborne.selenide.commands.Click.defaultClick(Click.java:106)\n\tat com.codeborne.selenide.commands.Click.doClick(Click.java:83)\n\tat com.codeborne.selenide.commands.Click.click(Click.java:59)\n\tat com.codeborne.selenide.commands.Click.execute(Click.java:34)\n\tat com.codeborne.selenide.commands.Click.execute(Click.java:26)\n\tat com.codeborne.selenide.commands.Commands.execute(Commands.java:162)\n\tat com.codeborne.selenide.impl.SelenideElementProxy.dispatchAndRetry(SelenideElementProxy.java:134)\n\t... 93 more\n","steps":[],"attachments":[{"uid":"b7fd6242586c4212","name":"Screenshot","source":"b7fd6242586c4212.png","type":"image/png","size":571514},{"uid":"b22d31771af326d8","name":"Page source","source":"b22d31771af326d8.html","type":"text/html","size":56266}],"parameters":[],"shouldDisplayMessage":true,"stepsCount":0,"attachmentsCount":2,"hasContent":true,"attachmentStep":false}],"attachments":[],"parameters":[],"shouldDisplayMessage":false,"stepsCount":20,"attachmentsCount":2,"hasContent":true,"attachmentStep":false},"afterStages":[{"name":"afterEach","time":{"start":1731776536357,"stop":1731776536412,"duration":55},"status":"passed","steps":[{"name":"$(\"webdriver\") close()","time":{"start":1731776536357,"stop":1731776536412,"duration":55},"status":"passed","steps":[],"attachments":[],"parameters":[],"shouldDisplayMessage":false,"stepsCount":0,"attachmentsCount":0,"hasContent":false,"attachmentStep":false}],"attachments":[],"parameters":[],"shouldDisplayMessage":false,"stepsCount":1,"attachmentsCount":0,"hasContent":true,"attachmentStep":false}],"labels":[{"name":"junit.platform.uniqueid","value":"[engine:junit-jupiter]/[class:com.demoqa.SubmitPracticeFormPageTest]/[method:submitStudentRegistrationFormFillAllFieldsTest()]"},{"name":"host","value":"fv-az1393-935"},{"name":"thread","value":"2676@fv-az1393-935.Test worker(1)"},{"name":"framework","value":"junit-platform"},{"name":"language","value":"java"},{"name":"package","value":"com.demoqa.SubmitPracticeFormPageTest"},{"name":"testClass","value":"com.demoqa.SubmitPracticeFormPageTest"},{"name":"testMethod","value":"submitStudentRegistrationFormFillAllFieldsTest"},{"name":"suite","value":"com.demoqa.SubmitPracticeFormPageTest"},{"name":"resultFormat","value":"allure2"}],"parameters":[],"links":[],"hidden":false,"retry":false,"extra":{"severity":"normal","retries":[],"categories":[{"name":"Product defects","matchedStatuses":[],"flaky":false}],"tags":[]},"source":"542443a7da0af392.json","parameterValues":[]}